thread=1,func=fast,ht=0
# started on Tue Nov 10 10:56:22 2015
1828430561,,cycles,557129564,100.00
5063966826,,instructions,557129564,100.00
2163891721,,L1-dcache-loads,557129564,100.00
8196118,,L1-dcache-load-misses,557129564,100.00
thread=1,func=slow_a,ht=0
# started on Tue Nov 10 10:56:23 2015
3153000354,,cycles,832921687,100.00
7104964666,,instructions,832921687,100.00
3169233157,,L1-dcache-loads,832921687,100.00
8258022,,L1-dcache-load-misses,832921687,100.00
thread=1,func=slow_b,ht=0
# started on Tue Nov 10 10:56:24 2015
4006977028,,cycles,1058015174,100.00
6065949582,,instructions,1058015174,100.00
4164538468,,L1-dcache-loads,1058015174,100.00
8297902,,L1-dcache-load-misses,1058015174,100.00
thread=1,func=slow_c,ht=0
# started on Tue Nov 10 10:56:25 2015
9955245891,,cycles,2628850187,100.00
6572320234,,instructions,2628850187,100.00
3666604403,,L1-dcache-loads,2628850187,100.00
8616910,,L1-dcache-load-misses,2628850187,100.00
thread=1,func=slow_d,ht=0
# started on Tue Nov 10 10:56:27 2015
26333501015,,cycles,6952051233,100.00
17089700996,,instructions,6952051233,100.00
7672234023,,L1-dcache-loads,6952051233,100.00
9423101,,L1-dcache-load-misses,6952051233,100.00
thread=1,func=slow_e,ht=0
# started on Tue Nov 10 10:56:34 2015
13728432711,,cycles,3899458517,100.00
7077441684,,instructions,3899458517,100.00
3168249409,,L1-dcache-loads,3899458517,100.00
513708684,,L1-dcache-load-misses,3899458517,100.00
thread=1,func=slow_f,ht=0
# started on Tue Nov 10 10:56:38 2015
1829730174,,cycles,483647313,100.00
5063649641,,instructions,483647313,100.00
2163792002,,L1-dcache-loads,483647313,100.00
8185442,,L1-dcache-load-misses,483647313,100.00
thread=2,func=fast,ht=0
# started on Tue Nov 10 10:56:39 2015
2108369426,,cycles,558214008,100.00
5085283007,,instructions,558214008,100.00
2164290453,,L1-dcache-loads,558214008,100.00
8255939,,L1-dcache-load-misses,558214008,100.00
thread=2,func=slow_a,ht=0
# started on Tue Nov 10 10:56:39 2015
3431717675,,cycles,907075080,100.00
7125776776,,instructions,907075080,100.00
3169463763,,L1-dcache-loads,907075080,100.00
8300270,,L1-dcache-load-misses,907075080,100.00
thread=2,func=slow_b,ht=0
# started on Tue Nov 10 10:56:40 2015
12974042116,,cycles,3593306796,100.00
6097132352,,instructions,3593306796,100.00
4168031889,,L1-dcache-loads,3593306796,100.00
119991515,,L1-dcache-load-misses,3593306796,100.00
thread=2,func=slow_c,ht=0
# started on Tue Nov 10 10:56:42 2015
112382797074,,cycles,32152492262,100.00
6706802013,,instructions,32152492262,100.00
3702445582,,L1-dcache-loads,32152492262,100.00
742996429,,L1-dcache-load-misses,32152492262,100.00
thread=2,func=slow_d,ht=0
# started on Tue Nov 10 10:56:58 2015
323099821788,,cycles,87567208572,100.00
244594077436,,instructions,87567208572,100.00
71165539921,,L1-dcache-loads,87567208572,100.00
1876952905,,L1-dcache-load-misses,87567208572,100.00
thread=2,func=slow_e,ht=0
# started on Tue Nov 10 10:57:42 2015
28740821411,,cycles,8219946604,100.00
7114270051,,instructions,8219946604,100.00
3173330029,,L1-dcache-loads,8219946604,100.00
888240299,,L1-dcache-load-misses,8219946604,100.00
thread=2,func=slow_f,ht=0
# started on Tue Nov 10 10:57:46 2015
2108454337,,cycles,558485096,100.00
5085326842,,instructions,558485096,100.00
2164298716,,L1-dcache-loads,558485096,100.00
8254685,,L1-dcache-load-misses,558485096,100.00
thread=2,func=fast,ht=1
# started on Tue Nov 10 10:57:46 2015
2103770406,,cycles,556821556,100.00
5085663182,,instructions,556821556,100.00
2164443471,,L1-dcache-loads,556821556,100.00
8229949,,L1-dcache-load-misses,556821556,100.00
thread=2,func=slow_a,ht=1
# started on Tue Nov 10 10:57:47 2015
3422272462,,cycles,903831279,100.00
7126014946,,instructions,903831279,100.00
3169558273,,L1-dcache-loads,903831279,100.00
8291897,,L1-dcache-load-misses,903831279,100.00
thread=2,func=slow_b,ht=1
# started on Tue Nov 10 10:57:48 2015
4280376720,,cycles,1130416046,100.00
6088112760,,instructions,1130416046,100.00
4165242519,,L1-dcache-loads,1130416046,100.00
16171888,,L1-dcache-load-misses,1130416046,100.00
thread=2,func=slow_c,ht=1
# started on Tue Nov 10 10:57:49 2015
10239548094,,cycles,2714371530,100.00
6593980718,,instructions,2714371530,100.00
3667113354,,L1-dcache-loads,2714371530,100.00
8669676,,L1-dcache-load-misses,2714371530,100.00
thread=2,func=slow_d,ht=1
# started on Tue Nov 10 10:57:52 2015
30929536620,,cycles,8164647495,100.00
17119489754,,instructions,8164647495,100.00
7675293570,,L1-dcache-loads,8164647495,100.00
9769337,,L1-dcache-load-misses,8164647495,100.00
thread=2,func=slow_e,ht=1
# started on Tue Nov 10 10:58:00 2015
20040446160,,cycles,5695079471,100.00
7106832611,,instructions,5695079471,100.00
3171228472,,L1-dcache-loads,5695079471,100.00
510796613,,L1-dcache-load-misses,5695079471,100.00
thread=2,func=slow_f,ht=1
# started on Tue Nov 10 10:58:06 2015
2103440283,,cycles,555838352,100.00
5085579450,,instructions,555838352,100.00
2164428182,,L1-dcache-loads,555838352,100.00
8221631,,L1-dcache-load-misses,555838352,100.00
